/*C8*/SET SCHEMA PUBLIC
DROP SCHEMA PUBLIC CASCADE
CREATE TABLE persona (id_persona INT NOT NULL primary key generated always as identity (start with 1,increment by 1), nombre VARCHAR(255), apellido VARCHAR(255))
INSERT INTO PERSONA VALUES(1,'Jos\u00e9','Laurenti')
INSERT INTO PERSONA VALUES(2,'Esteban','Otermon')
INSERT INTO PERSONA VALUES(3,'Vladimir','Varkov')
COMMIT
DISCONNECT
/*C9*/SET SCHEMA PUBLIC
DISCONNECT
/*C10*/SET SCHEMA PUBLIC
DROP SCHEMA PUBLIC CASCADE
CREATE TABLE persona (id_persona INT NOT NULL primary key generated always as identity (start with 1,increment by 1), nombre VARCHAR(255), apellido VARCHAR(255))
INSERT INTO PERSONA VALUES(1,'Jos\u00e9','Laurenti')
INSERT INTO PERSONA VALUES(2,'Esteban','Otermon')
INSERT INTO PERSONA VALUES(3,'Vladimir','Varkov')
COMMIT
DISCONNECT
/*C11*/SET SCHEMA PUBLIC
DISCONNECT
/*C12*/SET SCHEMA PUBLIC
DROP SCHEMA PUBLIC CASCADE
CREATE TABLE persona (id_persona INT NOT NULL primary key generated always as identity (start with 1,increment by 1), nombre VARCHAR(255), apellido VARCHAR(255))
INSERT INTO PERSONA VALUES(1,'Jos\u00e9','Laurenti')
INSERT INTO PERSONA VALUES(2,'Esteban','Otermon')
INSERT INTO PERSONA VALUES(3,'Vladimir','Varkov')
COMMIT
DISCONNECT
/*C13*/SET SCHEMA PUBLIC
DISCONNECT
